Info: Generated by version: 18.1 build 222
Info: Starting: Create simulation model
Info: qsys-generate /home/gtd/workspace/qts_prj/cnn/Mobilenet_FPGA_Accelarator/ip/fp_add/fp_add.ip --simulation=VERILOG --allow-mixed-language-simulation --output-directory=/home/gtd/workspace/qts_prj/cnn/Mobilenet_FPGA_Accelarator/ip/fp_add/fp_add --family="Arria 10" --part=10AX066K3F40E2SG
Info: fp_add.fp_functions_0: /software/quartus/qts18.1pro/ip/altera/dsp/altera_fp_functions/source//cmdPolyEval.sh /software/quartus/qts18.1pro/quartus/dspba/backend/linux64 -target Arria10 -frequency 100 -name none -noChanValid -enableHardFP 1 -printMachineReadable -noFileGenerate -correctRounding -speedgrade 2 FPAdd 8 23
Info: fp_add.fp_functions_0: /software/quartus/qts18.1pro/ip/altera/dsp/altera_fp_functions/source//cmdPolyEval.sh /software/quartus/qts18.1pro/quartus/dspba/backend/linux64 -target Arria10 -frequency 100 -name none -noChanValid -enableHardFP 1 -printMachineReadable -noFileGenerate -constrainLatency 7 -correctRounding -speedgrade 2 FPAdd 8 23
Info: fp_add: "Transforming system: fp_add"
Info: fp_add: "Naming system components in system: fp_add"
Info: fp_add: "Processing generation queue"
Info: fp_add: "Generating: fp_add"
Info: fp_add: "Generating: fp_add_altera_fp_functions_181_4fwd3cy"
Info: fp_functions_0: /software/quartus/qts18.1pro/ip/altera/dsp/altera_fp_functions/source//cmdPolyEval.sh /software/quartus/qts18.1pro/quartus/dspba/backend/linux64 -target Arria10 -frequency 100 -name fp_add_altera_fp_functions_181_4fwd3cy -noChanValid -enableHardFP 1 -printMachineReadable -noFileGenerate -constrainLatency 7 -correctRounding -speedgrade 2 FPAdd 8 23
Info: fp_functions_0: Minimum acheivable latency at given frequency is 3 cycles, register padding will occur to meet latency target if necessary
Info: fp_functions_0: /software/quartus/qts18.1pro/ip/altera/dsp/altera_fp_functions/source//cmdPolyEval.sh /software/quartus/qts18.1pro/quartus/dspba/backend/linux64 -target Arria10 -frequency 100 -name fp_add_altera_fp_functions_181_4fwd3cy -noChanValid -enableHardFP 1 -printMachineReadable -lang VHDL -constrainLatency 7 -correctRounding -speedgrade 2 FPAdd 8 23
Info: fp_functions_0: DSP Blocks Used: 2
Info: fp_functions_0: LUTs Used: 0
Info: fp_functions_0: Memory Bits Used: 0
Info: fp_functions_0: Memory Blocks Used: 0
Info: fp_add: Done "fp_add" with 2 modules, 4 files
Info: Generating the following file(s) for MODELSIM simulator in /home/gtd/workspace/qts_prj/cnn/Mobilenet_FPGA_Accelarator/ip/fp_add/fp_add/sim/ directory:
Info: 	common/modelsim_files.tcl
Info: Generating the following file(s) for VCSMX simulator in /home/gtd/workspace/qts_prj/cnn/Mobilenet_FPGA_Accelarator/ip/fp_add/fp_add/sim/ directory:
Info: 	common/vcsmx_files.tcl
Info: Generating the following file(s) for VCS simulator in /home/gtd/workspace/qts_prj/cnn/Mobilenet_FPGA_Accelarator/ip/fp_add/fp_add/sim/ directory:
Info: 	common/vcs_files.tcl
Info: Generating the following file(s) for RIVIERA simulator in /home/gtd/workspace/qts_prj/cnn/Mobilenet_FPGA_Accelarator/ip/fp_add/fp_add/sim/ directory:
Info: 	common/riviera_files.tcl
Info: Generating the following file(s) for NCSIM simulator in /home/gtd/workspace/qts_prj/cnn/Mobilenet_FPGA_Accelarator/ip/fp_add/fp_add/sim/ directory:
Info: 	common/ncsim_files.tcl
Info: Generating the following file(s) for XCELIUM simulator in /home/gtd/workspace/qts_prj/cnn/Mobilenet_FPGA_Accelarator/ip/fp_add/fp_add/sim/ directory:
Info: 	common/xcelium_files.tcl
Info: For information on how to simulate your IP, see the explanatory comments in the simulator-specific subdirectories under /home/gtd/workspace/qts_prj/cnn/Mobilenet_FPGA_Accelarator/ip/fp_add/fp_add/sim/.
Info: Regenerate these scripts whenever you make any change to any Quartus-generated IP in your project.
Info: qsys-generate succeeded.
Info: Finished: Create simulation model
Info: Starting: Create Modelsim Project.
Info: sim-script-gen --system-file=/home/gtd/workspace/qts_prj/cnn/Mobilenet_FPGA_Accelarator/ip/fp_add/fp_add.ip --output-directory=/home/gtd/workspace/qts_prj/cnn/Mobilenet_FPGA_Accelarator/ip/fp_add/fp_add/sim/ --use-relative-paths=true
Info: Generating the following file(s) for MODELSIM simulator in /home/gtd/workspace/qts_prj/cnn/Mobilenet_FPGA_Accelarator/ip/fp_add/fp_add/sim/ directory:
Info: 	mentor/msim_setup.tcl
Info: Generating the following file(s) for VCSMX simulator in /home/gtd/workspace/qts_prj/cnn/Mobilenet_FPGA_Accelarator/ip/fp_add/fp_add/sim/ directory:
Info: 	synopsys/vcsmx/synopsys_sim.setup
Info: 	synopsys/vcsmx/vcsmx_setup.sh
Info: Skipping VCS script generation since VHDL file $QUARTUS_INSTALL_DIR/eda/sim_lib/altera_syn_attributes.vhd is required for simulation
Info: Generating the following file(s) for RIVIERA simulator in /home/gtd/workspace/qts_prj/cnn/Mobilenet_FPGA_Accelarator/ip/fp_add/fp_add/sim/ directory:
Info: 	aldec/rivierapro_setup.tcl
Info: Generating the following file(s) for NCSIM simulator in /home/gtd/workspace/qts_prj/cnn/Mobilenet_FPGA_Accelarator/ip/fp_add/fp_add/sim/ directory:
Info: 	cadence/cds.lib
Info: 	cadence/hdl.var
Info: 	cadence/ncsim_setup.sh
Info: 	2 .cds.lib files in cadence/cds_libs/ directory
Info: Generating the following file(s) for XCELIUM simulator in /home/gtd/workspace/qts_prj/cnn/Mobilenet_FPGA_Accelarator/ip/fp_add/fp_add/sim/ directory:
Info: 	xcelium/cds.lib
Info: 	xcelium/hdl.var
Info: 	xcelium/xcelium_setup.sh
Info: 	2 .cds.lib files in xcelium/cds_libs/ directory
Info: For information on how to simulate your IP, see the explanatory comments in the simulator-specific subdirectories under /home/gtd/workspace/qts_prj/cnn/Mobilenet_FPGA_Accelarator/ip/fp_add/fp_add/sim/.
Info: Regenerate these scripts whenever you make any change to any Quartus-generated IP in your project.
Info: Finished: Create Modelsim Project.
Info: 
Info: Starting: Create HDL design files for synthesis
Info: qsys-generate /home/gtd/workspace/qts_prj/cnn/Mobilenet_FPGA_Accelarator/ip/fp_add/fp_add.ip --synthesis=VERILOG --output-directory=/home/gtd/workspace/qts_prj/cnn/Mobilenet_FPGA_Accelarator/ip/fp_add/fp_add --family="Arria 10" --part=10AX066K3F40E2SG
Info: fp_add.fp_functions_0: /software/quartus/qts18.1pro/ip/altera/dsp/altera_fp_functions/source//cmdPolyEval.sh /software/quartus/qts18.1pro/quartus/dspba/backend/linux64 -target Arria10 -frequency 100 -name none -noChanValid -enableHardFP 1 -printMachineReadable -noFileGenerate -correctRounding -speedgrade 2 FPAdd 8 23
Info: fp_add.fp_functions_0: /software/quartus/qts18.1pro/ip/altera/dsp/altera_fp_functions/source//cmdPolyEval.sh /software/quartus/qts18.1pro/quartus/dspba/backend/linux64 -target Arria10 -frequency 100 -name none -noChanValid -enableHardFP 1 -printMachineReadable -noFileGenerate -constrainLatency 7 -correctRounding -speedgrade 2 FPAdd 8 23
Info: fp_add: "Transforming system: fp_add"
Info: fp_add: "Naming system components in system: fp_add"
Info: fp_add: "Processing generation queue"
Info: fp_add: "Generating: fp_add"
Info: fp_add: "Generating: fp_add_altera_fp_functions_181_4fwd3cy"
Info: fp_functions_0: /software/quartus/qts18.1pro/ip/altera/dsp/altera_fp_functions/source//cmdPolyEval.sh /software/quartus/qts18.1pro/quartus/dspba/backend/linux64 -target Arria10 -frequency 100 -name fp_add_altera_fp_functions_181_4fwd3cy -noChanValid -enableHardFP 1 -printMachineReadable -noFileGenerate -constrainLatency 7 -correctRounding -speedgrade 2 FPAdd 8 23
Info: fp_functions_0: Minimum acheivable latency at given frequency is 3 cycles, register padding will occur to meet latency target if necessary
Info: fp_functions_0: /software/quartus/qts18.1pro/ip/altera/dsp/altera_fp_functions/source//cmdPolyEval.sh /software/quartus/qts18.1pro/quartus/dspba/backend/linux64 -target Arria10 -frequency 100 -name fp_add_altera_fp_functions_181_4fwd3cy -noChanValid -enableHardFP 1 -printMachineReadable -lang VHDL -constrainLatency 7 -correctRounding -speedgrade 2 FPAdd 8 23
Info: fp_functions_0: DSP Blocks Used: 2
Info: fp_functions_0: LUTs Used: 0
Info: fp_functions_0: Memory Bits Used: 0
Info: fp_functions_0: Memory Blocks Used: 0
Info: fp_add: Done "fp_add" with 2 modules, 4 files
Info: qsys-generate succeeded.
Info: Finished: Create HDL design files for synthesis
Info: Starting: Generate IP Core Documentation
Info: No documentation filesets were found for components in fp_add. No files generated.
Info: Finished: Generate IP Core Documentation
