Info: Generated by version: 18.1 build 222
Info: Starting: Create simulation model
Info: qsys-generate /home/gtd/workspace/qts_prj/cnn/Mobilenet_FPGA_Accelarator/ip/insystem_source_probe/in_system_source_probe.ip --simulation=VERILOG --allow-mixed-language-simulation --output-directory=/home/gtd/workspace/qts_prj/cnn/Mobilenet_FPGA_Accelarator/ip/insystem_source_probe/in_system_source_probe --family="Arria 10" --part=10AX066K3F40E2SG
Info: in_system_source_probe: "Transforming system: in_system_source_probe"
Info: in_system_source_probe: "Naming system components in system: in_system_source_probe"
Info: in_system_source_probe: "Processing generation queue"
Info: in_system_source_probe: "Generating: in_system_source_probe"
Info: in_system_source_probe: "Generating: altsource_probe"
Info: in_system_source_probe: Done "in_system_source_probe" with 2 modules, 2 files
Info: Generating the following file(s) for MODELSIM simulator in /home/gtd/workspace/qts_prj/cnn/Mobilenet_FPGA_Accelarator/ip/insystem_source_probe/in_system_source_probe/sim/ directory:
Info: 	common/modelsim_files.tcl
Info: Generating the following file(s) for VCSMX simulator in /home/gtd/workspace/qts_prj/cnn/Mobilenet_FPGA_Accelarator/ip/insystem_source_probe/in_system_source_probe/sim/ directory:
Info: 	common/vcsmx_files.tcl
Info: Generating the following file(s) for VCS simulator in /home/gtd/workspace/qts_prj/cnn/Mobilenet_FPGA_Accelarator/ip/insystem_source_probe/in_system_source_probe/sim/ directory:
Info: 	common/vcs_files.tcl
Info: Generating the following file(s) for RIVIERA simulator in /home/gtd/workspace/qts_prj/cnn/Mobilenet_FPGA_Accelarator/ip/insystem_source_probe/in_system_source_probe/sim/ directory:
Info: 	common/riviera_files.tcl
Info: Generating the following file(s) for NCSIM simulator in /home/gtd/workspace/qts_prj/cnn/Mobilenet_FPGA_Accelarator/ip/insystem_source_probe/in_system_source_probe/sim/ directory:
Info: 	common/ncsim_files.tcl
Info: Generating the following file(s) for XCELIUM simulator in /home/gtd/workspace/qts_prj/cnn/Mobilenet_FPGA_Accelarator/ip/insystem_source_probe/in_system_source_probe/sim/ directory:
Info: 	common/xcelium_files.tcl
Info: For information on how to simulate your IP, see the explanatory comments in the simulator-specific subdirectories under /home/gtd/workspace/qts_prj/cnn/Mobilenet_FPGA_Accelarator/ip/insystem_source_probe/in_system_source_probe/sim/.
Info: Regenerate these scripts whenever you make any change to any Quartus-generated IP in your project.
Info: qsys-generate succeeded.
Info: Finished: Create simulation model
Info: Starting: Create Modelsim Project.
Info: sim-script-gen --system-file=/home/gtd/workspace/qts_prj/cnn/Mobilenet_FPGA_Accelarator/ip/insystem_source_probe/in_system_source_probe.ip --output-directory=/home/gtd/workspace/qts_prj/cnn/Mobilenet_FPGA_Accelarator/ip/insystem_source_probe/in_system_source_probe/sim/ --use-relative-paths=true
Info: Generating the following file(s) for MODELSIM simulator in /home/gtd/workspace/qts_prj/cnn/Mobilenet_FPGA_Accelarator/ip/insystem_source_probe/in_system_source_probe/sim/ directory:
Info: 	mentor/msim_setup.tcl
Info: Generating the following file(s) for VCSMX simulator in /home/gtd/workspace/qts_prj/cnn/Mobilenet_FPGA_Accelarator/ip/insystem_source_probe/in_system_source_probe/sim/ directory:
Info: 	synopsys/vcsmx/synopsys_sim.setup
Info: 	synopsys/vcsmx/vcsmx_setup.sh
Info: Generating the following file(s) for VCS simulator in /home/gtd/workspace/qts_prj/cnn/Mobilenet_FPGA_Accelarator/ip/insystem_source_probe/in_system_source_probe/sim/ directory:
Info: 	synopsys/vcs/vcs_setup.sh
Info: Generating the following file(s) for RIVIERA simulator in /home/gtd/workspace/qts_prj/cnn/Mobilenet_FPGA_Accelarator/ip/insystem_source_probe/in_system_source_probe/sim/ directory:
Info: 	aldec/rivierapro_setup.tcl
Info: Generating the following file(s) for NCSIM simulator in /home/gtd/workspace/qts_prj/cnn/Mobilenet_FPGA_Accelarator/ip/insystem_source_probe/in_system_source_probe/sim/ directory:
Info: 	cadence/cds.lib
Info: 	cadence/hdl.var
Info: 	cadence/ncsim_setup.sh
Info: 	2 .cds.lib files in cadence/cds_libs/ directory
Info: Generating the following file(s) for XCELIUM simulator in /home/gtd/workspace/qts_prj/cnn/Mobilenet_FPGA_Accelarator/ip/insystem_source_probe/in_system_source_probe/sim/ directory:
Info: 	xcelium/cds.lib
Info: 	xcelium/hdl.var
Info: 	xcelium/xcelium_setup.sh
Info: 	2 .cds.lib files in xcelium/cds_libs/ directory
Info: For information on how to simulate your IP, see the explanatory comments in the simulator-specific subdirectories under /home/gtd/workspace/qts_prj/cnn/Mobilenet_FPGA_Accelarator/ip/insystem_source_probe/in_system_source_probe/sim/.
Info: Regenerate these scripts whenever you make any change to any Quartus-generated IP in your project.
Info: Finished: Create Modelsim Project.
Info: 
Info: Starting: Create HDL design files for synthesis
Info: qsys-generate /home/gtd/workspace/qts_prj/cnn/Mobilenet_FPGA_Accelarator/ip/insystem_source_probe/in_system_source_probe.ip --synthesis=VERILOG --greybox --output-directory=/home/gtd/workspace/qts_prj/cnn/Mobilenet_FPGA_Accelarator/ip/insystem_source_probe/in_system_source_probe --family="Arria 10" --part=10AX066K3F40E2SG
Info: in_system_source_probe: "Transforming system: in_system_source_probe"
Info: in_system_source_probe: "Naming system components in system: in_system_source_probe"
Info: in_system_source_probe: "Processing generation queue"
Info: in_system_source_probe: "Generating: in_system_source_probe"
Info: in_system_source_probe: "Generating: altsource_probe_top"
Info: in_system_source_probe: Done "in_system_source_probe" with 2 modules, 2 files
Info: Generating third-party timing and resource estimation model ...
Info: Done generating third-party timing and resource estimation model.
Info: qsys-generate succeeded.
Info: Finished: Create HDL design files for synthesis
Info: Starting: IP-XACT
Info: qsys-generate /home/gtd/workspace/qts_prj/cnn/Mobilenet_FPGA_Accelarator/ip/insystem_source_probe/in_system_source_probe.ip --synthesis=VERILOG --ipxact --output-directory=/home/gtd/workspace/qts_prj/cnn/Mobilenet_FPGA_Accelarator/ip/insystem_source_probe/in_system_source_probe --family="Arria 10" --part=10AX066K3F40E2SG
Info: Finished: IP-XACT
