ANF: vcsd_register_1st_RTL_rfn('./simv: undefined symbol: vcsd_register_1st_RTL_rfn')
ANF: vcsd_register_1st_sequential_rfn('./simv: undefined symbol: vcsd_register_1st_sequential_rfn')
ANF: vcsd_register_2nd_RTL_rfn('./simv: undefined symbol: vcsd_register_2nd_RTL_rfn')
ANF: vcsd_register_2nd_sequential_rfn('./simv: undefined symbol: vcsd_register_2nd_sequential_rfn')
ANF: scsd_xprop_is_enabled('./simv: undefined symbol: scsd_xprop_is_enabled')
ANF: scsd_xprop_sig_is_promoted('./simv: undefined symbol: scsd_xprop_sig_is_promoted')
ANF: scsd_xprop_int_xvalue('./simv: undefined symbol: scsd_xprop_int_xvalue')
ANF: scsd_xprop_bool_xvalue('./simv: undefined symbol: scsd_xprop_bool_xvalue')
ANF: scsd_xprop_enum_xvalue('./simv: undefined symbol: scsd_xprop_enum_xvalue')
ANF: scsd_xprop_register_merge_mode_cb('./simv: undefined symbol: scsd_xprop_register_merge_mode_cb')
ANF: scsd_xprop_delete_merge_mode_cb('./simv: undefined symbol: scsd_xprop_delete_merge_mode_cb')
ANF: scsd_xprop_get_merge_mode('./simv: undefined symbol: scsd_xprop_get_merge_mode')
ANF: msvEnableDumpingMode('./simv: undefined symbol: msvEnableDumpingMode')
ANF: msvGetVersion('./simv: undefined symbol: msvGetVersion')
ANF: msvGetInstProp('./simv: undefined symbol: msvGetInstProp')
ANF: msvIsSpiceEngineReady('./simv: undefined symbol: msvIsSpiceEngineReady')
ANF: msvSetAddProbeCallback('./simv: undefined symbol: msvSetAddProbeCallback')
ANF: msvGetInstHandle('./simv: undefined symbol: msvGetInstHandle')
ANF: msvGetProbeByInst('./simv: undefined symbol: msvGetProbeByInst')
ANF: msvGetSigHandle('./simv: undefined symbol: msvGetSigHandle')
ANF: msvGetProbeBySig('./simv: undefined symbol: msvGetProbeBySig')
ANF: msvGetProbeInfo('./simv: undefined symbol: msvGetProbeInfo')
ANF: msvRelease('./simv: undefined symbol: msvRelease')
ANF: msvSetVcCallbackFunc('./simv: undefined symbol: msvSetVcCallbackFunc')
ANF: msvCheckVcCallback('./simv: undefined symbol: msvCheckVcCallback')
ANF: msvAddVcCallback('./simv: undefined symbol: msvAddVcCallback')
ANF: msvRemoveVcCallback('./simv: undefined symbol: msvRemoveVcCallback')
ANF: msvGetLatestValue('./simv: undefined symbol: msvGetLatestValue')
ANF: msvSetEndofSimCallback('./simv: undefined symbol: msvSetEndofSimCallback')
ANF: msvIgnoredProbe('./simv: undefined symbol: msvIgnoredProbe')
ANF: msvGetThruNetInfo('./simv: undefined symbol: msvGetThruNetInfo')
ANF: msvFreeThruNetInfo('./simv: undefined symbol: msvFreeThruNetInfo')
ANF: PI_ace_get_output_time_unit('./simv: undefined symbol: PI_ace_get_output_time_unit')
ANF: PI_ace_sim_sync('./simv: undefined symbol: PI_ace_sim_sync')
ANF: msvGetRereadInitFile('./simv: undefined symbol: msvGetRereadInitFile')
ANF: msvSetBeforeRereadCallback('./simv: undefined symbol: msvSetBeforeRereadCallback')
ANF: msvSetAfterRereadCallback('./simv: undefined symbol: msvSetAfterRereadCallback')
ANF: msvSetForceCallback('./simv: undefined symbol: msvSetForceCallback')
ANF: msvSetReleaseCallback('./simv: undefined symbol: msvSetReleaseCallback')
ANF: msvGetForceStatus('./simv: undefined symbol: msvGetForceStatus')
ANF: vhdi_dt_get_type('./simv: undefined symbol: vhdi_dt_get_type')
ANF: vhdi_dt_get_key('./simv: undefined symbol: vhdi_dt_get_key')
ANF: vhdi_dt_get_vhdl_enum_info('./simv: undefined symbol: vhdi_dt_get_vhdl_enum_info')
ANF: vhdi_dt_get_vhdl_physical_info('./simv: undefined symbol: vhdi_dt_get_vhdl_physical_info')
ANF: vhdi_dt_get_vhdl_array_info('./simv: undefined symbol: vhdi_dt_get_vhdl_array_info')
ANF: vhdi_dt_get_vhdl_record_info('./simv: undefined symbol: vhdi_dt_get_vhdl_record_info')
ANF: vhdi_def_traverse_module('./simv: undefined symbol: vhdi_def_traverse_module')
ANF: vhdi_def_traverse_scope('./simv: undefined symbol: vhdi_def_traverse_scope')
ANF: vhdi_def_traverse_variable('./simv: undefined symbol: vhdi_def_traverse_variable')
ANF: vhdi_def_get_module_id_by_vhpi('./simv: undefined symbol: vhdi_def_get_module_id_by_vhpi')
ANF: vhdi_def_get_handle_by_module_id('./simv: undefined symbol: vhdi_def_get_handle_by_module_id')
ANF: vhdi_def_free('./simv: undefined symbol: vhdi_def_free')
ANF: vhdi_ist_traverse_scope('./simv: undefined symbol: vhdi_ist_traverse_scope')
ANF: vhdi_ist_traverse_variable('./simv: undefined symbol: vhdi_ist_traverse_variable')
ANF: vhdi_ist_convert_by_vhpi('./simv: undefined symbol: vhdi_ist_convert_by_vhpi')
ANF: vhdi_ist_clone('./simv: undefined symbol: vhdi_ist_clone')
ANF: vhdi_ist_free('./simv: undefined symbol: vhdi_ist_free')
ANF: vhdi_ist_hash_key('./simv: undefined symbol: vhdi_ist_hash_key')
ANF: vhdi_ist_compare('./simv: undefined symbol: vhdi_ist_compare')
ANF: vhdi_ist_get_value_addr('./simv: undefined symbol: vhdi_ist_get_value_addr')
ANF: vhdi_set_scsd_callback('./simv: undefined symbol: vhdi_set_scsd_callback')
ANF: vhdi_ist_check_scsd_callback('./simv: undefined symbol: vhdi_ist_check_scsd_callback')
ANF: vhdi_ist_add_scsd_callback('./simv: undefined symbol: vhdi_ist_add_scsd_callback')
ANF: vhdi_ist_remove_scsd_callback('./simv: undefined symbol: vhdi_ist_remove_scsd_callback')
ANF: vhdi_ist_get_scsd_user_data('./simv: undefined symbol: vhdi_ist_get_scsd_user_data')
ANF: vhdi_add_time_change_callback('./simv: undefined symbol: vhdi_add_time_change_callback')
ANF: vhdi_get_real_value_by_value_addr('./simv: undefined symbol: vhdi_get_real_value_by_value_addr')
ANF: vhdi_get_64_value_by_value_addr('./simv: undefined symbol: vhdi_get_64_value_by_value_addr')
ANF: vhdi_xprop_inst_is_promoted('./simv: undefined symbol: vhdi_xprop_inst_is_promoted')
VCS compile option:
 option[0]: ./simv
 option[1]: /software/synopsys/vcs-mx-2016/linux64/bin/vcs1
 option[2]: -Mcc=gcc
 option[3]: -Mcplusplus=g++
 option[4]: -Masflags=
 option[5]: -Mcfl= -pipe -fPIC -O -I/software/synopsys/vcs-mx-2016/include 
 option[6]: -Mxcflags= -pipe -fPIC -I/software/synopsys/vcs-mx-2016/include
 option[7]: -Mldflags= -rdynamic 
 option[8]: -Mout=simv
 option[9]: -Mamsrun=
 option[10]: -Mvcsaceobjs=
 option[11]: -Mobjects= /software/synopsys/vcs-mx-2016/linux64/lib/libvirsim.so /software/synopsys/vcs-mx-2016/linux64/lib/liberrorinf.so /software/synopsys/vcs-mx-2016/linux64/lib/libsnpsmalloc.so 
 option[12]: -Mexternalobj=
 option[13]: -Msaverestoreobj=/software/synopsys/vcs-mx-2016/linux64/lib/vcs_save_restore_new.o
 option[14]: -Mcrt0=
 option[15]: -Mcrtn=
 option[16]: -Mcsrc=
 option[17]: -Msyslibs=/software/synopsys/verdi-2016/share/PLI/VCS/LINUX64/pli.a -ldl 
 option[18]: -debug_access
 option[19]: +vpi
 option[20]: +vcsd1
 option[21]: +itf+/software/synopsys/vcs-mx-2016/linux64/lib/vcsdp_lite.tab
 option[22]: -timescale=1ns/1ps
 option[23]: -picarchive
 option[24]: -P
 option[25]: /software/synopsys/verdi-2016/share/PLI/VCS/LINUX64/verdi.tab
 option[26]: -fsdb
 option[27]: -sverilog
 option[28]: -gen_obj
 option[29]: -F
 option[30]: rtl_lst.list
 option[31]: -load
 option[32]: /software/synopsys/verdi-2016/share/PLI/VCS/LINUX64/libnovas.so:FSDBDumpCmd
 option[33]: timescale=1ns/1ps
Chronologic Simulation VCS Release L-2016.06_Full64
Linux 3.10.0-1127.19.1.el7.x86_64 #1 SMP Tue Aug 25 17:23:54 UTC 2020 x86_64
CPU cores: 16
Limit information:
======================================
cputime			unlimited
filesize		unlimited
datasize		unlimited
stacksize		8192 kbytes
coredumpsize	0 kbytes
memoryuse		unlimited
vmemoryuse		unlimited
descriptors		4096
memorylocked	64 kbytes
maxproc			4096
======================================
(Special)Runtime environment variables:

Runtime environment variables:
VNCDESKTOP=hdu-eda:2 (gtd)
SSH_AGENT_PID=2722
XDG_SESSION_ID=c2
HOSTNAME=hdu-eda
IMSETTINGS_INTEGRATE_DESKTOP=yes
NOVAS_HOME=/software/synopsys/verdi-2016
VTE_VERSION=5202
TERM=xterm-256color
SHELL=/bin/bash
XDG_MENU_PREFIX=gnome-
HISTSIZE=1000
GNOME_TERMINAL_SCREEN=/org/gnome/Terminal/screen/cc58e5f0_09bf_443a_8a3c_a975319559c5
VCS_TARGET_ARCH=amd64
IMSETTINGS_MODULE=none
USER=gtd
LD_LIBRARY_PATH=:/usr/local/lib:/software/quartus/qts18.1pro/quartus/linux64:/software/synopsys/verdi-2016/share/PLI/IUS/LINUX64/boot:/software/synopsys/verdi-2016/share/PLI/lib/LINUX64
LS_COLORS=rs=0:di=38;5;27:ln=38;5;51:mh=44;38;5;15:pi=40;38;5;11:so=38;5;13:do=38;5;5:bd=48;5;232;38;5;11:cd=48;5;232;38;5;3:or=48;5;232;38;5;9:mi=05;48;5;232;38;5;15:su=48;5;196;38;5;15:sg=48;5;11;38;5;16:ca=48;5;196;38;5;226:tw=48;5;10;38;5;16:ow=48;5;10;38;5;21:st=48;5;21;38;5;15:ex=38;5;34:*.tar=38;5;9:*.tgz=38;5;9:*.arc=38;5;9:*.arj=38;5;9:*.taz=38;5;9:*.lha=38;5;9:*.lz4=38;5;9:*.lzh=38;5;9:*.lzma=38;5;9:*.tlz=38;5;9:*.txz=38;5;9:*.tzo=38;5;9:*.t7z=38;5;9:*.zip=38;5;9:*.z=38;5;9:*.Z=38;5;9:*.dz=38;5;9:*.gz=38;5;9:*.lrz=38;5;9:*.lz=38;5;9:*.lzo=38;5;9:*.xz=38;5;9:*.bz2=38;5;9:*.bz=38;5;9:*.tbz=38;5;9:*.tbz2=38;5;9:*.tz=38;5;9:*.deb=38;5;9:*.rpm=38;5;9:*.jar=38;5;9:*.war=38;5;9:*.ear=38;5;9:*.sar=38;5;9:*.rar=38;5;9:*.alz=38;5;9:*.ace=38;5;9:*.zoo=38;5;9:*.cpio=38;5;9:*.7z=38;5;9:*.rz=38;5;9:*.cab=38;5;9:*.jpg=38;5;13:*.jpeg=38;5;13:*.gif=38;5;13:*.bmp=38;5;13:*.pbm=38;5;13:*.pgm=38;5;13:*.ppm=38;5;13:*.tga=38;5;13:*.xbm=38;5;13:*.xpm=38;5;13:*.tif=38;5;13:*.tiff=38;5;13:*.png=38;5;13:*.svg=38;5;13:*.svgz=38;5;13:*.mng=38;5;13:*.pcx=38;5;13:*.mov=38;5;13:*.mpg=38;5;13:*.mpeg=38;5;13:*.m2v=38;5;13:*.mkv=38;5;13:*.webm=38;5;13:*.ogm=38;5;13:*.mp4=38;5;13:*.m4v=38;5;13:*.mp4v=38;5;13:*.vob=38;5;13:*.qt=38;5;13:*.nuv=38;5;13:*.wmv=38;5;13:*.asf=38;5;13:*.rm=38;5;13:*.rmvb=38;5;13:*.flc=38;5;13:*.avi=38;5;13:*.fli=38;5;13:*.flv=38;5;13:*.gl=38;5;13:*.dl=38;5;13:*.xcf=38;5;13:*.xwd=38;5;13:*.yuv=38;5;13:*.cgm=38;5;13:*.emf=38;5;13:*.axv=38;5;13:*.anx=38;5;13:*.ogv=38;5;13:*.ogx=38;5;13:*.aac=38;5;45:*.au=38;5;45:*.flac=38;5;45:*.mid=38;5;45:*.midi=38;5;45:*.mka=38;5;45:*.mp3=38;5;45:*.mpc=38;5;45:*.ogg=38;5;45:*.ra=38;5;45:*.wav=38;5;45:*.axa=38;5;45:*.oga=38;5;45:*.spx=38;5;45:*.xspf=38;5;45:
GNOME_TERMINAL_SERVICE=:1.99
SSH_AUTH_SOCK=/run/user/1001/keyring/ssh
DVE_HOME=/software/synopsys/vcs-mx-2016/gui/dve
SESSION_MANAGER=local/unix:@/tmp/.ICE-unix/2463,unix/unix:/tmp/.ICE-unix/2463
GNOME_SHELL_SESSION_MODE=classic
PATH=/usr/local/bin:/bin:/usr/bin:/usr/local/sbin:/usr/sbin:/software/quartus/qts18.1pro/quartus/linux64:/software/synopsys/vcs-mx-2016/gui/dve/bin:/software/synopsys/vcs-mx-2016/bin:/software/synopsys/verdi-2016/bin:/software/synopsys/scl_11.9/amd64/bin:/home/gtd/.local/bin:/home/gtd/bin:/software/quartus/qts18.1pro/quartus/linux64:/software/synopsys/vcs-mx-2016/gui/dve/bin:/software/synopsys/vcs-mx-2016/bin:/software/synopsys/verdi-2016/bin:/software/synopsys/scl_11.9/amd64/bin
MAIL=/var/spool/mail/gtd
QT_IM_MODULE=ibus
VERDI_HOME=/software/synopsys/verdi-2016
PWD=/home/gtd/workspace/qts_prj/cnn/Mobilenet_FPGA_Accelarator_nios_ddr4/rtl/00.ddr_module/sim
XMODIFIERS=@im=ibus
VCS_HOME=/software/synopsys/vcs-mx-2016
LANG=en_US.UTF-8
VCS_ARCH_OVERRIDE=linux
LM_LICENSE_FILE=27000@hdu-eda:/software/synopsys/scl_11.9/license/Synopsys.dat
HISTCONTROL=ignoredups
HOME=/home/gtd
SHLVL=4
VERDI_LIB=/software/synopsys/verdi-2016/share/PLI/VCS/linux64
GNOME_DESKTOP_SESSION_ID=this-is-deprecated
LOGNAME=gtd
XDG_DATA_DIRS=/home/gtd/.local/share/flatpak/exports/share:/var/lib/flatpak/exports/share:/usr/local/share:/usr/share
DBUS_SESSION_BUS_ADDRESS=unix:abstract=/tmp/dbus-kxrxJEao6L,guid=568bd083a4b1f1f1edbe36c95fbe3f23
LESSOPEN=||/usr/bin/lesspipe.sh %s
XDG_RUNTIME_DIR=/run/user/1001
DISPLAY=:2
XDG_CURRENT_DESKTOP=GNOME
COLORTERM=truecolor
OLDPWD=/home/gtd/workspace/qts_prj/cnn/Mobilenet_FPGA_Accelarator_nios_ddr4/rtl/00.ddr_module
_=./simv
VCS_PATHMAP_PRELOAD_DONE=1
LC_ALL=C
DVE=/software/synopsys/vcs-mx-2016/gui/dve
SPECMAN_OUTPUT_TO_TTY=1
Runtime command line arguments:
argv[0]=./simv
176 profile - 100
          CPU/Mem usage: 0.020 sys,  0.150 user,  237.40M sys,  0.00M vm
177 VC callback profile - scalar:0 vector:0
178 Sun Nov 29 22:17:00 2020
179 pliAppInit
180 *Verdi3* : FSDB_GATE is set.
181 *Verdi3* : FSDB_RTL is set.
182 *Verdi3* : Enable Parallel Dumping.
183 pliAppMiscSet: New Sim Round
184 pliEntryInit
185 LIBSSCORE=found /software/synopsys/verdi-2016/share/PLI/lib/LINUXAMD64/libsscore_vcs201606.so through $NOVAS_HOME setting.
186 FSDB Dumper for VCS, Release Verdi3_L-2016.06-1, Linux x86_64/64bit, 07/10/2016
187 (C) 1996 - 2016 by Synopsys, Inc.
188 sps_call_fsdbDumpfile at 0 : ../ddr_module_tb.sv(63)
189 argv[0]: mobilenet_sim.fsdb
190 *Verdi3* FSDB WARNING: The FSDB file already exists. Overwriting the FSDB file may crash the programs that are using this file.
191 *Verdi3* : Create FSDB file 'mobilenet_sim.fsdb'
192 sps_call_fsdbDumpvars at 0 : ../ddr_module_tb.sv(64)
193 argv[0]: +all
194 *Verdi3* : Begin traversing the scopes, layer (0).
195 *Verdi3* : Enable +all dumping.
196 *Verdi3* : End of traversing.
197 fsdbDumpvars traverse var: profile - 
          CPU/Mem usage: 0.030 sys,  0.150 user,  323.33M sys,  0.00M vm
                   incr: 0.010 sys,  0.000 user,  8.80M sys,  0.00M vm
                   accu: 0.010 sys,  0.000 user,  8.80M sys,  0.00M vm
              accu incr: 0.010 sys,  0.000 user,  8.80M sys,  0.00M vm

          Count usage: 45 var,  40 idcode,  32 callback
                 incr: 45 var,  40 idcode,  32 callback
                 accu: 45 var,  40 idcode,  32 callback
            accu incr: 45 var,  40 idcode,  32 callback
198 VC callback profile - scalar:0 vector:0
199 Sun Nov 29 22:17:00 2020
200 fsdbDumpvars: profile - 
          CPU/Mem usage: 0.030 sys,  0.150 user,  324.52M sys,  0.00M vm
                   incr: 0.000 sys,  0.000 user,  1.19M sys,  0.00M vm
                   accu: 0.010 sys,  0.000 user,  9.99M sys,  0.00M vm
              accu incr: 0.000 sys,  0.000 user,  1.19M sys,  0.00M vm

          Count usage: 45 var,  40 idcode,  32 callback
                 incr: 0 var,  0 idcode,  0 callback
                 accu: 45 var,  40 idcode,  32 callback
            accu incr: 0 var,  0 idcode,  0 callback
201 VC callback profile - scalar:15 vector:17
202 Sun Nov 29 22:17:00 2020
203 End of simulation at 10100000
204 VC callback profile - scalar:11253 vector:293
205 Sun Nov 29 22:17:00 2020
206 Parallel profile    -  Flush:3 Expand:0 ProduceWait:0 ConsumerWait:0 BlockUsed:0
207                        ProduceTime:0.193722523 ConsumerTime:0.000000000 Buffer:64MB
208 SimExit
209 Sim process exit
