Info: Generated by version: 18.1 build 222
Info: Starting: Create simulation model
Info: qsys-generate /home/gtd/workspace/vcsmx_prj/cnn_fpga/a10_ip_test/qts_for_ip/../ip/fifo_ddr_init_ins/fifo_ddr_init_ins.ip --simulation=VERILOG --allow-mixed-language-simulation --output-directory=/home/gtd/workspace/vcsmx_prj/cnn_fpga/a10_ip_test/ip/fifo_ddr_init_ins/fifo_ddr_init_ins --family="Arria 10" --part=10AX066K3F40E2SG
: fifo_ddr_init_ins.fifo_0: Targeting device family: Arria 10.
: fifo_ddr_init_ins.fifo_0: Tab: 'SCFIFO Options' is unavailable while using Dual-Clock FIFO.
: fifo_ddr_init_ins.fifo_0: 'Output register option' is unavailable while using Dual-Clock FIFO.
: fifo_ddr_init_ins.fifo_0: SDC file will be generated to apply correct constraints. User may experience increase in fitter compilation time
: fifo_ddr_init_ins.fifo_0: Embedded set_false_path assignment is disabled.
Info: fifo_ddr_init_ins: "Transforming system: fifo_ddr_init_ins"
Info: fifo_ddr_init_ins: "Naming system components in system: fifo_ddr_init_ins"
Info: fifo_ddr_init_ins: "Processing generation queue"
Info: fifo_ddr_init_ins: "Generating: fifo_ddr_init_ins"
Info: fifo_ddr_init_ins: "Generating: fifo_ddr_init_ins_fifo_181_fnf4yni"
Info: fifo_ddr_init_ins: Done "fifo_ddr_init_ins" with 2 modules, 3 files
Info: Generating the following file(s) for MODELSIM simulator in /home/gtd/workspace/vcsmx_prj/cnn_fpga/a10_ip_test/ip/fifo_ddr_init_ins/fifo_ddr_init_ins/sim/ directory:
Info: 	common/modelsim_files.tcl
Info: Generating the following file(s) for VCSMX simulator in /home/gtd/workspace/vcsmx_prj/cnn_fpga/a10_ip_test/ip/fifo_ddr_init_ins/fifo_ddr_init_ins/sim/ directory:
Info: 	common/vcsmx_files.tcl
Info: Generating the following file(s) for VCS simulator in /home/gtd/workspace/vcsmx_prj/cnn_fpga/a10_ip_test/ip/fifo_ddr_init_ins/fifo_ddr_init_ins/sim/ directory:
Info: 	common/vcs_files.tcl
Info: Generating the following file(s) for RIVIERA simulator in /home/gtd/workspace/vcsmx_prj/cnn_fpga/a10_ip_test/ip/fifo_ddr_init_ins/fifo_ddr_init_ins/sim/ directory:
Info: 	common/riviera_files.tcl
Info: Generating the following file(s) for NCSIM simulator in /home/gtd/workspace/vcsmx_prj/cnn_fpga/a10_ip_test/ip/fifo_ddr_init_ins/fifo_ddr_init_ins/sim/ directory:
Info: 	common/ncsim_files.tcl
Info: Generating the following file(s) for XCELIUM simulator in /home/gtd/workspace/vcsmx_prj/cnn_fpga/a10_ip_test/ip/fifo_ddr_init_ins/fifo_ddr_init_ins/sim/ directory:
Info: 	common/xcelium_files.tcl
Info: For information on how to simulate your IP, see the explanatory comments in the simulator-specific subdirectories under /home/gtd/workspace/vcsmx_prj/cnn_fpga/a10_ip_test/ip/fifo_ddr_init_ins/fifo_ddr_init_ins/sim/.
Info: Regenerate these scripts whenever you make any change to any Quartus-generated IP in your project.
Info: qsys-generate succeeded.
Info: Finished: Create simulation model
Info: Starting: Create Modelsim Project.
Info: sim-script-gen --system-file=/home/gtd/workspace/vcsmx_prj/cnn_fpga/a10_ip_test/qts_for_ip/../ip/fifo_ddr_init_ins/fifo_ddr_init_ins.ip --output-directory=/home/gtd/workspace/vcsmx_prj/cnn_fpga/a10_ip_test/ip/fifo_ddr_init_ins/fifo_ddr_init_ins/sim/ --use-relative-paths=true
Info: Generating the following file(s) for MODELSIM simulator in /home/gtd/workspace/vcsmx_prj/cnn_fpga/a10_ip_test/ip/fifo_ddr_init_ins/fifo_ddr_init_ins/sim/ directory:
Info: 	mentor/msim_setup.tcl
Info: Generating the following file(s) for VCSMX simulator in /home/gtd/workspace/vcsmx_prj/cnn_fpga/a10_ip_test/ip/fifo_ddr_init_ins/fifo_ddr_init_ins/sim/ directory:
Info: 	synopsys/vcsmx/synopsys_sim.setup
Info: 	synopsys/vcsmx/vcsmx_setup.sh
Info: Generating the following file(s) for VCS simulator in /home/gtd/workspace/vcsmx_prj/cnn_fpga/a10_ip_test/ip/fifo_ddr_init_ins/fifo_ddr_init_ins/sim/ directory:
Info: 	synopsys/vcs/vcs_setup.sh
Info: Generating the following file(s) for RIVIERA simulator in /home/gtd/workspace/vcsmx_prj/cnn_fpga/a10_ip_test/ip/fifo_ddr_init_ins/fifo_ddr_init_ins/sim/ directory:
Info: 	aldec/rivierapro_setup.tcl
Info: Generating the following file(s) for NCSIM simulator in /home/gtd/workspace/vcsmx_prj/cnn_fpga/a10_ip_test/ip/fifo_ddr_init_ins/fifo_ddr_init_ins/sim/ directory:
Info: 	cadence/cds.lib
Info: 	cadence/hdl.var
Info: 	cadence/ncsim_setup.sh
Info: 	2 .cds.lib files in cadence/cds_libs/ directory
Info: Generating the following file(s) for XCELIUM simulator in /home/gtd/workspace/vcsmx_prj/cnn_fpga/a10_ip_test/ip/fifo_ddr_init_ins/fifo_ddr_init_ins/sim/ directory:
Info: 	xcelium/cds.lib
Info: 	xcelium/hdl.var
Info: 	xcelium/xcelium_setup.sh
Info: 	2 .cds.lib files in xcelium/cds_libs/ directory
Info: For information on how to simulate your IP, see the explanatory comments in the simulator-specific subdirectories under /home/gtd/workspace/vcsmx_prj/cnn_fpga/a10_ip_test/ip/fifo_ddr_init_ins/fifo_ddr_init_ins/sim/.
Info: Regenerate these scripts whenever you make any change to any Quartus-generated IP in your project.
Info: Finished: Create Modelsim Project.
Info: Starting: Create block symbol file (.bsf)
Info: qsys-generate /home/gtd/workspace/vcsmx_prj/cnn_fpga/a10_ip_test/qts_for_ip/../ip/fifo_ddr_init_ins/fifo_ddr_init_ins.ip --block-symbol-file --output-directory=/home/gtd/workspace/vcsmx_prj/cnn_fpga/a10_ip_test/ip/fifo_ddr_init_ins/fifo_ddr_init_ins --family="Arria 10" --part=10AX066K3F40E2SG
: fifo_ddr_init_ins.fifo_0: Targeting device family: Arria 10.
: fifo_ddr_init_ins.fifo_0: Tab: 'SCFIFO Options' is unavailable while using Dual-Clock FIFO.
: fifo_ddr_init_ins.fifo_0: 'Output register option' is unavailable while using Dual-Clock FIFO.
: fifo_ddr_init_ins.fifo_0: SDC file will be generated to apply correct constraints. User may experience increase in fitter compilation time
: fifo_ddr_init_ins.fifo_0: Embedded set_false_path assignment is disabled.
Info: qsys-generate succeeded.
Info: Finished: Create block symbol file (.bsf)
Info: 
Info: Starting: Create HDL design files for synthesis
Info: qsys-generate /home/gtd/workspace/vcsmx_prj/cnn_fpga/a10_ip_test/qts_for_ip/../ip/fifo_ddr_init_ins/fifo_ddr_init_ins.ip --synthesis=VERILOG --output-directory=/home/gtd/workspace/vcsmx_prj/cnn_fpga/a10_ip_test/ip/fifo_ddr_init_ins/fifo_ddr_init_ins --family="Arria 10" --part=10AX066K3F40E2SG
: fifo_ddr_init_ins.fifo_0: Targeting device family: Arria 10.
: fifo_ddr_init_ins.fifo_0: Tab: 'SCFIFO Options' is unavailable while using Dual-Clock FIFO.
: fifo_ddr_init_ins.fifo_0: 'Output register option' is unavailable while using Dual-Clock FIFO.
: fifo_ddr_init_ins.fifo_0: SDC file will be generated to apply correct constraints. User may experience increase in fitter compilation time
: fifo_ddr_init_ins.fifo_0: Embedded set_false_path assignment is disabled.
Info: fifo_ddr_init_ins: "Transforming system: fifo_ddr_init_ins"
Info: fifo_ddr_init_ins: "Naming system components in system: fifo_ddr_init_ins"
Info: fifo_ddr_init_ins: "Processing generation queue"
Info: fifo_ddr_init_ins: "Generating: fifo_ddr_init_ins"
Info: fifo_ddr_init_ins: "Generating: fifo_ddr_init_ins_fifo_181_fnf4yni"
Info: fifo_ddr_init_ins: Done "fifo_ddr_init_ins" with 2 modules, 3 files
Info: qsys-generate succeeded.
Info: Finished: Create HDL design files for synthesis
