Info: Generated by version: 18.1 build 222
Info: Starting: Create simulation model
Info: qsys-generate /home/gtd/workspace/qts_prj/cnn/Mobilenet_FPGA_Accelarator_nios_ddr4_optimal/ip/fifo_ddr_data_rev/fifo_ddr_data_rev.ip --simulation=VERILOG --allow-mixed-language-simulation --output-directory=/home/gtd/workspace/qts_prj/cnn/Mobilenet_FPGA_Accelarator_nios_ddr4_optimal/ip/fifo_ddr_data_rev/fifo_ddr_data_rev --family="Arria 10" --part=10AX066K3F40E2SG
: fifo_ddr_data_rev.fifo_0: Targeting device family: Arria 10.
: fifo_ddr_data_rev.fifo_0: Tab: 'SCFIFO Options' is unavailable while using Dual-Clock FIFO.
: fifo_ddr_data_rev.fifo_0: 'Output register option' is unavailable while using Dual-Clock FIFO.
: fifo_ddr_data_rev.fifo_0: SDC file will be generated to apply correct constraints. User may experience increase in fitter compilation time
: fifo_ddr_data_rev.fifo_0: Embedded set_false_path assignment is disabled.
Info: fifo_ddr_data_rev: "Transforming system: fifo_ddr_data_rev"
Info: fifo_ddr_data_rev: "Naming system components in system: fifo_ddr_data_rev"
Info: fifo_ddr_data_rev: "Processing generation queue"
Info: fifo_ddr_data_rev: "Generating: fifo_ddr_data_rev"
Info: fifo_ddr_data_rev: "Generating: fifo_ddr_data_rev_fifo_181_5o2gyoi"
Info: fifo_ddr_data_rev: Done "fifo_ddr_data_rev" with 2 modules, 3 files
Info: Generating the following file(s) for MODELSIM simulator in /home/gtd/workspace/qts_prj/cnn/Mobilenet_FPGA_Accelarator_nios_ddr4_optimal/ip/fifo_ddr_data_rev/fifo_ddr_data_rev/sim/ directory:
Info: 	common/modelsim_files.tcl
Info: Generating the following file(s) for VCSMX simulator in /home/gtd/workspace/qts_prj/cnn/Mobilenet_FPGA_Accelarator_nios_ddr4_optimal/ip/fifo_ddr_data_rev/fifo_ddr_data_rev/sim/ directory:
Info: 	common/vcsmx_files.tcl
Info: Generating the following file(s) for VCS simulator in /home/gtd/workspace/qts_prj/cnn/Mobilenet_FPGA_Accelarator_nios_ddr4_optimal/ip/fifo_ddr_data_rev/fifo_ddr_data_rev/sim/ directory:
Info: 	common/vcs_files.tcl
Info: Generating the following file(s) for RIVIERA simulator in /home/gtd/workspace/qts_prj/cnn/Mobilenet_FPGA_Accelarator_nios_ddr4_optimal/ip/fifo_ddr_data_rev/fifo_ddr_data_rev/sim/ directory:
Info: 	common/riviera_files.tcl
Info: Generating the following file(s) for NCSIM simulator in /home/gtd/workspace/qts_prj/cnn/Mobilenet_FPGA_Accelarator_nios_ddr4_optimal/ip/fifo_ddr_data_rev/fifo_ddr_data_rev/sim/ directory:
Info: 	common/ncsim_files.tcl
Info: Generating the following file(s) for XCELIUM simulator in /home/gtd/workspace/qts_prj/cnn/Mobilenet_FPGA_Accelarator_nios_ddr4_optimal/ip/fifo_ddr_data_rev/fifo_ddr_data_rev/sim/ directory:
Info: 	common/xcelium_files.tcl
Info: For information on how to simulate your IP, see the explanatory comments in the simulator-specific subdirectories under /home/gtd/workspace/qts_prj/cnn/Mobilenet_FPGA_Accelarator_nios_ddr4_optimal/ip/fifo_ddr_data_rev/fifo_ddr_data_rev/sim/.
Info: Regenerate these scripts whenever you make any change to any Quartus-generated IP in your project.
Info: qsys-generate succeeded.
Info: Finished: Create simulation model
Info: Starting: Create Modelsim Project.
Info: sim-script-gen --system-file=/home/gtd/workspace/qts_prj/cnn/Mobilenet_FPGA_Accelarator_nios_ddr4_optimal/ip/fifo_ddr_data_rev/fifo_ddr_data_rev.ip --output-directory=/home/gtd/workspace/qts_prj/cnn/Mobilenet_FPGA_Accelarator_nios_ddr4_optimal/ip/fifo_ddr_data_rev/fifo_ddr_data_rev/sim/ --use-relative-paths=true
Info: Generating the following file(s) for MODELSIM simulator in /home/gtd/workspace/qts_prj/cnn/Mobilenet_FPGA_Accelarator_nios_ddr4_optimal/ip/fifo_ddr_data_rev/fifo_ddr_data_rev/sim/ directory:
Info: 	mentor/msim_setup.tcl
Info: Generating the following file(s) for VCSMX simulator in /home/gtd/workspace/qts_prj/cnn/Mobilenet_FPGA_Accelarator_nios_ddr4_optimal/ip/fifo_ddr_data_rev/fifo_ddr_data_rev/sim/ directory:
Info: 	synopsys/vcsmx/synopsys_sim.setup
Info: 	synopsys/vcsmx/vcsmx_setup.sh
Info: Generating the following file(s) for VCS simulator in /home/gtd/workspace/qts_prj/cnn/Mobilenet_FPGA_Accelarator_nios_ddr4_optimal/ip/fifo_ddr_data_rev/fifo_ddr_data_rev/sim/ directory:
Info: 	synopsys/vcs/vcs_setup.sh
Info: Generating the following file(s) for RIVIERA simulator in /home/gtd/workspace/qts_prj/cnn/Mobilenet_FPGA_Accelarator_nios_ddr4_optimal/ip/fifo_ddr_data_rev/fifo_ddr_data_rev/sim/ directory:
Info: 	aldec/rivierapro_setup.tcl
Info: Generating the following file(s) for NCSIM simulator in /home/gtd/workspace/qts_prj/cnn/Mobilenet_FPGA_Accelarator_nios_ddr4_optimal/ip/fifo_ddr_data_rev/fifo_ddr_data_rev/sim/ directory:
Info: 	cadence/cds.lib
Info: 	cadence/hdl.var
Info: 	cadence/ncsim_setup.sh
Info: 	2 .cds.lib files in cadence/cds_libs/ directory
Info: Generating the following file(s) for XCELIUM simulator in /home/gtd/workspace/qts_prj/cnn/Mobilenet_FPGA_Accelarator_nios_ddr4_optimal/ip/fifo_ddr_data_rev/fifo_ddr_data_rev/sim/ directory:
Info: 	xcelium/cds.lib
Info: 	xcelium/hdl.var
Info: 	xcelium/xcelium_setup.sh
Info: 	2 .cds.lib files in xcelium/cds_libs/ directory
Info: For information on how to simulate your IP, see the explanatory comments in the simulator-specific subdirectories under /home/gtd/workspace/qts_prj/cnn/Mobilenet_FPGA_Accelarator_nios_ddr4_optimal/ip/fifo_ddr_data_rev/fifo_ddr_data_rev/sim/.
Info: Regenerate these scripts whenever you make any change to any Quartus-generated IP in your project.
Info: Finished: Create Modelsim Project.
Info: 
Info: Starting: Create HDL design files for synthesis
Info: qsys-generate /home/gtd/workspace/qts_prj/cnn/Mobilenet_FPGA_Accelarator_nios_ddr4_optimal/ip/fifo_ddr_data_rev/fifo_ddr_data_rev.ip --synthesis=VERILOG --output-directory=/home/gtd/workspace/qts_prj/cnn/Mobilenet_FPGA_Accelarator_nios_ddr4_optimal/ip/fifo_ddr_data_rev/fifo_ddr_data_rev --family="Arria 10" --part=10AX066K3F40E2SG
: fifo_ddr_data_rev.fifo_0: Targeting device family: Arria 10.
: fifo_ddr_data_rev.fifo_0: Tab: 'SCFIFO Options' is unavailable while using Dual-Clock FIFO.
: fifo_ddr_data_rev.fifo_0: 'Output register option' is unavailable while using Dual-Clock FIFO.
: fifo_ddr_data_rev.fifo_0: SDC file will be generated to apply correct constraints. User may experience increase in fitter compilation time
: fifo_ddr_data_rev.fifo_0: Embedded set_false_path assignment is disabled.
Info: fifo_ddr_data_rev: "Transforming system: fifo_ddr_data_rev"
Info: fifo_ddr_data_rev: "Naming system components in system: fifo_ddr_data_rev"
Info: fifo_ddr_data_rev: "Processing generation queue"
Info: fifo_ddr_data_rev: "Generating: fifo_ddr_data_rev"
Info: fifo_ddr_data_rev: "Generating: fifo_ddr_data_rev_fifo_181_5o2gyoi"
Info: fifo_ddr_data_rev: Done "fifo_ddr_data_rev" with 2 modules, 3 files
Info: qsys-generate succeeded.
Info: Finished: Create HDL design files for synthesis
Info: Starting: Generate IP Core Documentation
Info: No documentation filesets were found for components in fifo_ddr_data_rev. No files generated.
Info: Finished: Generate IP Core Documentation
