Info: Generated by version: 18.1 build 222
Info: Starting: Create block symbol file (.bsf)
Info: qsys-generate /home/gtd/workspace/qts_prj/cnn/Mobilenet_FPGA_Accelarator_test_basic_power/ip/monitor/ip/monitor/power_temp_sda.ip --block-symbol-file --output-directory=/home/gtd/workspace/qts_prj/cnn/Mobilenet_FPGA_Accelarator_test_basic_power/ip/monitor/ip/monitor/power_temp_sda --family="Arria 10" --part=10AX066K3F40E2SG
Info: power_temp_sda.power_temp_sda: PIO inputs are not hardwired in test bench. Undefined values will be read from PIO inputs during simulation.
Info: qsys-generate succeeded.
Info: Finished: Create block symbol file (.bsf)
Info: 
Info: Starting: Create HDL design files for synthesis
Info: qsys-generate /home/gtd/workspace/qts_prj/cnn/Mobilenet_FPGA_Accelarator_test_basic_power/ip/monitor/ip/monitor/power_temp_sda.ip --synthesis=VERILOG --output-directory=/home/gtd/workspace/qts_prj/cnn/Mobilenet_FPGA_Accelarator_test_basic_power/ip/monitor/ip/monitor/power_temp_sda --family="Arria 10" --part=10AX066K3F40E2SG
Info: power_temp_sda.power_temp_sda: PIO inputs are not hardwired in test bench. Undefined values will be read from PIO inputs during simulation.
Info: power_temp_sda: "Transforming system: power_temp_sda"
Info: power_temp_sda: "Naming system components in system: power_temp_sda"
Info: power_temp_sda: "Processing generation queue"
Info: power_temp_sda: "Generating: power_temp_sda"
Info: power_temp_sda: "Generating: power_temp_sda_altera_avalon_pio_181_4pingoy"
Info: power_temp_sda: Starting RTL generation for module 'power_temp_sda_altera_avalon_pio_181_4pingoy'
Info: power_temp_sda:   Generation command is [exec /software/quartus/qts18.1pro/quartus/linux64/perl/bin/perl -I /software/quartus/qts18.1pro/quartus/linux64/perl/lib -I /software/quartus/qts18.1pro/quartus/sopc_builder/bin/europa -I /software/quartus/qts18.1pro/quartus/sopc_builder/bin/perl_lib -I /software/quartus/qts18.1pro/quartus/sopc_builder/bin -I /software/quartus/qts18.1pro/quartus/../ip/altera/sopc_builder_ip/common -I /software/quartus/qts18.1pro/quartus/../ip/altera/sopc_builder_ip/altera_avalon_pio -- /software/quartus/qts18.1pro/quartus/../ip/altera/sopc_builder_ip/altera_avalon_pio/generate_rtl.pl --name=power_temp_sda_altera_avalon_pio_181_4pingoy --dir=/tmp/alt8742_3433369042969640351.dir/0002_power_temp_sda_gen/ --quartus_dir=/software/quartus/qts18.1pro/quartus --verilog --config=/tmp/alt8742_3433369042969640351.dir/0002_power_temp_sda_gen//power_temp_sda_altera_avalon_pio_181_4pingoy_component_configuration.pl  --do_build_sim=0  ]
Info: power_temp_sda: Done RTL generation for module 'power_temp_sda_altera_avalon_pio_181_4pingoy'
Info: power_temp_sda: Done "power_temp_sda" with 2 modules, 2 files
Info: qsys-generate succeeded.
Info: Finished: Create HDL design files for synthesis
