Info: Generated by version: 18.1 build 222
Info: Starting: Create simulation model
Info: qsys-generate /home/gtd/workspace/qts_prj/cnn/Mobilenet_FPGA_Accelarator_test_basic_power/ip/monitor/ip/monitor/monitor_power_temp_scl.ip --simulation=VERILOG --allow-mixed-language-simulation --output-directory=/home/gtd/workspace/qts_prj/cnn/Mobilenet_FPGA_Accelarator_test_basic_power/ip/monitor/ip/monitor/monitor_power_temp_scl --family="Arria 10" --part=10AX066K3F40E2SG
Info: monitor_power_temp_scl: "Transforming system: monitor_power_temp_scl"
Info: monitor_power_temp_scl: "Naming system components in system: monitor_power_temp_scl"
Info: monitor_power_temp_scl: "Processing generation queue"
Info: monitor_power_temp_scl: "Generating: monitor_power_temp_scl"
Info: monitor_power_temp_scl: "Generating: monitor_power_temp_scl_altera_avalon_pio_181_pua723a"
Info: power_temp_scl: Starting RTL generation for module 'monitor_power_temp_scl_altera_avalon_pio_181_pua723a'
Info: power_temp_scl:   Generation command is [exec /software/quartus/qts18.1pro/quartus/linux64/perl/bin/perl -I /software/quartus/qts18.1pro/quartus/linux64/perl/lib -I /software/quartus/qts18.1pro/quartus/sopc_builder/bin/europa -I /software/quartus/qts18.1pro/quartus/sopc_builder/bin/perl_lib -I /software/quartus/qts18.1pro/quartus/sopc_builder/bin -I /software/quartus/qts18.1pro/quartus/../ip/altera/sopc_builder_ip/common -I /software/quartus/qts18.1pro/quartus/../ip/altera/sopc_builder_ip/altera_avalon_pio -- /software/quartus/qts18.1pro/quartus/../ip/altera/sopc_builder_ip/altera_avalon_pio/generate_rtl.pl --name=monitor_power_temp_scl_altera_avalon_pio_181_pua723a --dir=/tmp/alt8742_8455501187228505115.dir/0005_power_temp_scl_gen/ --quartus_dir=/software/quartus/qts18.1pro/quartus --verilog --config=/tmp/alt8742_8455501187228505115.dir/0005_power_temp_scl_gen//monitor_power_temp_scl_altera_avalon_pio_181_pua723a_component_configuration.pl  --do_build_sim=1    --sim_dir=/tmp/alt8742_8455501187228505115.dir/0005_power_temp_scl_gen/  ]
Info: power_temp_scl: Done RTL generation for module 'monitor_power_temp_scl_altera_avalon_pio_181_pua723a'
Info: monitor_power_temp_scl: Done "monitor_power_temp_scl" with 2 modules, 2 files
Info: Generating the following file(s) for MODELSIM simulator in /home/gtd/workspace/qts_prj/cnn/Mobilenet_FPGA_Accelarator_test_basic_power/ip/monitor/ip/monitor/monitor_power_temp_scl/sim/ directory:
Info: 	common/modelsim_files.tcl
Info: Generating the following file(s) for VCSMX simulator in /home/gtd/workspace/qts_prj/cnn/Mobilenet_FPGA_Accelarator_test_basic_power/ip/monitor/ip/monitor/monitor_power_temp_scl/sim/ directory:
Info: 	common/vcsmx_files.tcl
Info: Generating the following file(s) for VCS simulator in /home/gtd/workspace/qts_prj/cnn/Mobilenet_FPGA_Accelarator_test_basic_power/ip/monitor/ip/monitor/monitor_power_temp_scl/sim/ directory:
Info: 	common/vcs_files.tcl
Info: Generating the following file(s) for RIVIERA simulator in /home/gtd/workspace/qts_prj/cnn/Mobilenet_FPGA_Accelarator_test_basic_power/ip/monitor/ip/monitor/monitor_power_temp_scl/sim/ directory:
Info: 	common/riviera_files.tcl
Info: Generating the following file(s) for NCSIM simulator in /home/gtd/workspace/qts_prj/cnn/Mobilenet_FPGA_Accelarator_test_basic_power/ip/monitor/ip/monitor/monitor_power_temp_scl/sim/ directory:
Info: 	common/ncsim_files.tcl
Info: Generating the following file(s) for XCELIUM simulator in /home/gtd/workspace/qts_prj/cnn/Mobilenet_FPGA_Accelarator_test_basic_power/ip/monitor/ip/monitor/monitor_power_temp_scl/sim/ directory:
Info: 	common/xcelium_files.tcl
Info: For information on how to simulate your IP, see the explanatory comments in the simulator-specific subdirectories under /home/gtd/workspace/qts_prj/cnn/Mobilenet_FPGA_Accelarator_test_basic_power/ip/monitor/ip/monitor/monitor_power_temp_scl/sim/.
Info: Regenerate these scripts whenever you make any change to any Quartus-generated IP in your project.
Info: qsys-generate succeeded.
Info: Finished: Create simulation model
Info: Starting: Create block symbol file (.bsf)
Info: qsys-generate /home/gtd/workspace/qts_prj/cnn/Mobilenet_FPGA_Accelarator_test_basic_power/ip/monitor/ip/monitor/monitor_power_temp_scl.ip --block-symbol-file --output-directory=/home/gtd/workspace/qts_prj/cnn/Mobilenet_FPGA_Accelarator_test_basic_power/ip/monitor/ip/monitor/monitor_power_temp_scl --family="Arria 10" --part=10AX066K3F40E2SG
Info: qsys-generate succeeded.
Info: Finished: Create block symbol file (.bsf)
Info: 
Info: Starting: Create HDL design files for synthesis
Info: qsys-generate /home/gtd/workspace/qts_prj/cnn/Mobilenet_FPGA_Accelarator_test_basic_power/ip/monitor/ip/monitor/monitor_power_temp_scl.ip --synthesis=VERILOG --output-directory=/home/gtd/workspace/qts_prj/cnn/Mobilenet_FPGA_Accelarator_test_basic_power/ip/monitor/ip/monitor/monitor_power_temp_scl --family="Arria 10" --part=10AX066K3F40E2SG
Info: Skipping generation of monitor_power_temp_scl: files already generated.
Info: qsys-generate succeeded.
Info: Finished: Create HDL design files for synthesis
Info: Starting: Generate IP Core Documentation
Info: No documentation filesets were found for components in monitor_power_temp_scl. No files generated.
Info: Finished: Generate IP Core Documentation
